<?xml version='1.0' encoding='UTF-8'?>
<hotspot_log version='160 1' process='4584' time_ms='1426267939294'>
<vm_version>
<name>
Java HotSpot(TM) 64-Bit Server VM
</name>
<release>
17.0-b05-fastdebug
</release>
<info>
Java HotSpot(TM) 64-Bit Server VM (17.0-b05-fastdebug) for windows-amd64 JRE (1.7.0-ea-fastdebug-b76), built on Nov 12 2009 01:51:45 by &quot;java_re&quot; with MS VC++ 8.0 (VS2005)
</info>
</vm_version>
<vm_arguments>
<args>
-Dmaven.home=EMBEDDED -Dclassworlds.conf=C:\Users\bram.zerbe\Desktop\Programming\.metadata\.plugins\org.eclipse.m2e.launching\launches\m2conf8502782955631654377.tmp -Dfile.encoding=Cp1252 
</args>
<command>
org.codehaus.plexus.classworlds.launcher.Launcher -B package
</command>
<launcher>
SUN_STANDARD
</launcher>
<properties>
java.vm.specification.version=1.0
java.vm.specification.name=Java Virtual Machine Specification
java.vm.specification.vendor=Sun Microsystems Inc.
java.vm.version=17.0-b05-fastdebug
java.vm.name=Java HotSpot(TM) 64-Bit Server VM
java.vm.vendor=Sun Microsystems Inc.
java.vm.info=mixed mode, sharing
java.ext.dirs=C:\Users\bram.zerbe\Desktop\Programming\Java - Needed Stuff\JDK 1.7 x64\jdk1.7.0\fastdebug\jre\lib\ext;C:\WINDOWS\Sun\Java\lib\ext
java.endorsed.dirs=C:\Users\bram.zerbe\Desktop\Programming\Java - Needed Stuff\JDK 1.7 x64\jdk1.7.0\fastdebug\jre\lib\endorsed
sun.boot.library.path=C:\Users\bram.zerbe\Desktop\Programming\Java - Needed Stuff\JDK 1.7 x64\jdk1.7.0\fastdebug\jre\bin
java.library.path=C:\Users\bram.zerbe\Desktop\Programming\Java - Needed Stuff\JDK 1.7 x64\jdk1.7.0\fastdebug\bin;.;C:\WINDOWS\Sun\Java\bin;C:\WINDOWS\system32;C:\WINDOWS;C:/Program Files (x86)/Java/jre7/bin/client;C:/Program Files (x86)/Java/jre7/bin;C:/Program Files (x86)/Java/jre7/lib/i386;C:\Program Files\Common Files\Microsoft Shared\Windows Live;C:\Program Files (x86)\Common Files\Microsoft Shared\Windows Live;C:\WINDOWS\system32;C:\WINDOWS;C:\WINDOWS\System32\Wbem;C:\WINDOWS\System32\WindowsPowerShell\v1.0\;C:\Program Files (x86)\Windows Live\Shared;C:\Program Files\Lenovo Fingerprint Reader\;C:\Program Files\Lenovo Fingerprint Reader\x86\;C:\Program Files\Lenovo Fingerprint Reader\;C:\Program Files\Lenovo Fingerprint Reader\x86\;C:\Program Files\Lenovo Fingerprint Reader\;C:\Program Files\Lenovo Fingerprint Reader\x86\;.\Common\Libraries;E:\KidsRuby\Git\cmd;C:\Users\bram.zerbe\KidsRuby\Git\cmd;C:\Users\bram.zerbe\AppData\Local\Google\Chrome\Application;C:\Program Files\Common Files\Microsoft Shared\Windows Live;C:\Program Files (x86)\Common Files\Microsoft Shared\Windows Live;C:\WINDOWS\system32;C:\WINDOWS;C:\WINDOWS\System32\Wbem;C:\WINDOWS\System32\WindowsPowerShell\v1.0\;C:\Program Files (x86)\Windows Live\Shared;C:\Program Files\Lenovo Fingerprint Reader\;C:\Program Files\Lenovo Fingerprint Reader\x86\;C:\Program Files\Lenovo Fingerprint Reader\;C:\Program Files\Lenovo Fingerprint Reader\x86\;C:\Program Files\Lenovo Fingerprint Reader\;C:\Program Files\Lenovo Fingerprint Reader\x86\;.\Common\Libraries;C:\Users\bram.zerbe\AppData\Local\Programs\Git\cmd;C:\Users\bram.zerbe\AppData\Local\Spoon\Cmd;C:\Users\bram.zerbe\Desktop\eclipse;
java.home=C:\Users\bram.zerbe\Desktop\Programming\Java - Needed Stuff\JDK 1.7 x64\jdk1.7.0\fastdebug\jre
java.class.path=/C:/Users/bram.zerbe/Desktop/eclipse/plugins/org.eclipse.m2e.maven.runtime_1.5.0.20140605-2032/jars/plexus-classworlds-2.5.1.jar
sun.boot.class.path=C:\Users\bram.zerbe\Desktop\Programming\Java - Needed Stuff\JDK 1.7 x64\jdk1.7.0\fastdebug\jre\lib\resources.jar;C:\Users\bram.zerbe\Desktop\Programming\Java - Needed Stuff\JDK 1.7 x64\jdk1.7.0\fastdebug\jre\lib\rt.jar;C:\Users\bram.zerbe\Desktop\Programming\Java - Needed Stuff\JDK 1.7 x64\jdk1.7.0\fastdebug\jre\lib\sunrsasign.jar;C:\Users\bram.zerbe\Desktop\Programming\Java - Needed Stuff\JDK 1.7 x64\jdk1.7.0\fastdebug\jre\lib\jsse.jar;C:\Users\bram.zerbe\Desktop\Programming\Java - Needed Stuff\JDK 1.7 x64\jdk1.7.0\fastdebug\jre\lib\jce.jar;C:\Users\bram.zerbe\Desktop\Programming\Java - Needed Stuff\JDK 1.7 x64\jdk1.7.0\fastdebug\jre\lib\charsets.jar;C:\Users\bram.zerbe\Desktop\Programming\Java - Needed Stuff\JDK 1.7 x64\jdk1.7.0\fastdebug\jre\classes
maven.home=EMBEDDED
classworlds.conf=C:\Users\bram.zerbe\Desktop\Programming\.metadata\.plugins\org.eclipse.m2e.launching\launches\m2conf8502782955631654377.tmp
file.encoding=Cp1252
sun.java.launcher=SUN_STANDARD
</properties>
</vm_arguments>
<tty>
<writer thread='8536'/>
<dependency_failed type='leaf_type' ctxk='java/lang/IllegalArgumentException' witness='java/lang/NumberFormatException' stamp='2.017'/>
<statistics type='opto'>
--- Compiler Statistics ---
Methods seen: 3559  Methods parsed: 3559  Nodes created: 801223
Blocks parsed: 12255  Blocks seen: 12866
13661 original NULL checks - 11057 elided (80%); optimizer leaves 2539,
1445 made implicit (56%)
CCP: 368  constants found: 6
Total frameslots = 3928, Max frameslots = 72
Inserted 0 spill loads, 0 spill stores, 0 mem-mem moves and 0 copies.
Total load cost=      0, store cost =      0, mem-mem cost =  0.00, copy cost =     0.
Adjusted spill cost =       0.
Conservatively coalesced 2729 copies, 0 pairs, 15421 post alloc.
Used cisc instruction  705,  remained in register 5214
Average allocation trips 1.707895
High Pressure Blocks = 0, Low Pressure Blocks = 0
Nops added 0 bytes to total of 587417 bytes, for 0.00%
Peephole: peephole rules applied: 0
PhaseIdealLoop=1506, sum _unique=2377055
</statistics>
<statistics type='intrinsic'>
Compiler intrinsic usage:
    25 ( 6.7%) _hashCode (worked,virtual,nonvirtual)
    44 (11.8%) _getClass (worked)
    13 ( 3.5%) _clone (worked)
    33 ( 8.9%) _min (worked)
     2 ( 0.5%) _max (worked)
     3 ( 0.8%) _identityHashCode (worked)
    88 (23.7%) _arraycopy (worked)
     3 ( 0.8%) _currentThread (worked)
    15 ( 4.0%) _isAssignableFrom (worked)
    10 ( 2.7%) _isArray (worked)
     4 ( 1.1%) _isPrimitive (worked)
     5 ( 1.3%) _getSuperclass (worked)
     7 ( 1.9%) _getComponentType (worked)
     4 ( 1.1%) _getLength (worked)
     8 ( 2.2%) _getCallerClass (worked,failed)
     6 ( 1.6%) _newArray (worked)
    24 ( 6.5%) _copyOf (worked)
     6 ( 1.6%) _indexOf (worked)
    67 (18.0%) _equals (worked)
     2 ( 0.5%) _getObject (worked)
     2 ( 0.5%) _getObjectVolatile (worked)
     1 ( 0.3%) _compareAndSwapInt (worked)
   372 (100.0%) total (worked,failed,virtual,nonvirtual)
</statistics>
<statistics type='deoptimization'>
Deoptimization traps recorded:
    32 (100.0%) total
     null_check/make_not_entrant/checkcast: 4 (12.5%)
  class_check/maybe_recompile/invokevirtual: 20 (62.5%)
  class_check/maybe_recompile/invokeinterface: 2 (6.3%)
           unreached/reinterpret/ifnonnull: 5 (15.6%)
              unreached/reinterpret/ifnull: 1 (3.1%)
</statistics>
<statistics type='nmethod'>
Statistics for 15 native nmethods:
 N. total size  = 15872
 N. relocation  = 1608
 N. main code   = 9872
Statistics for 366 bytecoded nmethods:
 total in heap  = 1671576
 relocation     = 52208
 main code      = 591712
 stub code      = 24633
 constants      = 1503
 scopes data    = 315856
 scopes pcs     = 487120
 dependencies   = 4088
 handler table  = 54408
 nul chk table  = 13304
 oops           = 23240
Debug Data Chunks: 106044, shared 8836+61028, non-SP&apos;s elided 198
PcDesc Statistics:  2570 queries, 16.18 comparisons per query
  caches=366 queries=2570/0, hits=0+307, tests=13300+28270, adds=2263
</statistics>
<statistics type='SharedRuntime'>
    5 monitor enter slow
   95 new instance requires GC
  234 new array requires GC
   59 inline cache miss in compiled
    2 wrong method
   87 unresolved static call site
  128 unresolved virtual call site
  250 unresolved opt virtual call site
29920 slow partial subtype
 1320 byte array copies
392656 short array copies
 8385 int array copies
90331 long array copies
    4 checkcast array copies
</statistics>
<tty_done stamp='6.618'/>
</tty>
<hotspot_log_done stamp='6.618'/>
</hotspot_log>
